Removed Pin From Net: NetName=DCDC_2V8 Pin=L3-1
Removed Pin From Net: NetName=NetC20_2 Pin=L3-2
Removed Pin From Net: NetName=DCDC_3V3 Pin=L7-1
Removed Pin From Net: NetName=NetC33_1 Pin=L7-2
Change Component Footprint: Designator=L3 Old Footprint=0603P New Footprint=L 0603
Change Component Footprint: Designator=L4 Old Footprint=0603P New Footprint=L 0603
Change Component Footprint: Designator=L5 Old Footprint=0603P New Footprint=L 0603
Change Component Footprint: Designator=L6 Old Footprint=0603P New Footprint=L 0603
Change Component Footprint: Designator=L7 Old Footprint=0603P New Footprint=L 0603
Change Component Footprint: Designator=C1 Old Footprint=C 0603 New Footprint=0603P
Change Component Footprint: Designator=C2 Old Footprint=C 0603 New Footprint=0603P
Change Component Footprint: Designator=C3 Old Footprint=C 0603 New Footprint=0603P
Change Component Footprint: Designator=C4 Old Footprint=C 0603 New Footprint=0603P
Change Component Footprint: Designator=C5 Old Footprint=C 0603 New Footprint=0603P
Change Component Footprint: Designator=C6 Old Footprint=C 0603 New Footprint=0603P
Change Component Footprint: Designator=C8 Old Footprint=C 0603 New Footprint=0603P
Change Component Footprint: Designator=C9 Old Footprint=C 0603 New Footprint=0603P
Change Component Footprint: Designator=C10 Old Footprint=C 0603 New Footprint=0603P
Change Component Footprint: Designator=C11 Old Footprint=C 0603 New Footprint=0603P
Change Component Footprint: Designator=C12 Old Footprint=C 0603 New Footprint=0603P
Change Component Footprint: Designator=C13 Old Footprint=C 0603 New Footprint=0603P
Change Component Footprint: Designator=C15 Old Footprint=C 0603 New Footprint=0603P
Change Component Footprint: Designator=C16 Old Footprint=C 0603 New Footprint=0603P
Change Component Footprint: Designator=C17 Old Footprint=C 0603 New Footprint=0603P
Change Component Footprint: Designator=C18 Old Footprint=C 0603 New Footprint=0603P
Change Component Footprint: Designator=C19 Old Footprint=C 0603 New Footprint=0603P
Change Component Footprint: Designator=C35 Old Footprint=C 0603 New Footprint=0603P
Change Component Footprint: Designator=R12 Old Footprint=R 0402 New Footprint=0603P
Change Component Footprint: Designator=R13 Old Footprint=R 0402 New Footprint=0603P
Change Component Footprint: Designator=R14 Old Footprint=R 0402 New Footprint=0603P
Change Component Footprint: Designator=R1 Old Footprint=R 0603 New Footprint=0603P
Change Component Footprint: Designator=R2 Old Footprint=R 0603 New Footprint=0603P
Change Component Footprint: Designator=R3 Old Footprint=R 0603 New Footprint=0603P
Change Component Footprint: Designator=R4 Old Footprint=R 0603 New Footprint=0603P
Change Component Footprint: Designator=R5 Old Footprint=R 0603 New Footprint=0603P
Change Component Footprint: Designator=R6 Old Footprint=R 0603 New Footprint=0603P
Change Component Footprint: Designator=R7 Old Footprint=R 0603 New Footprint=0603P
Change Component Footprint: Designator=R8 Old Footprint=R 0603 New Footprint=0603P
Change Component Footprint: Designator=R9 Old Footprint=R 0603 New Footprint=0603P
Change Component Footprint: Designator=R15 Old Footprint=R 0603 New Footprint=0603P
Change Component Footprint: Designator=R16 Old Footprint=R 0603 New Footprint=0603P
Change Component Footprint: Designator=R17 Old Footprint=R 0603 New Footprint=0603P
Change Component Footprint: Designator=R18 Old Footprint=R 0603 New Footprint=0603P
Change Component Footprint: Designator=R19 Old Footprint=R 0603 New Footprint=0603P
Change Component Footprint: Designator=R20 Old Footprint=R 0603 New Footprint=0603P
Change Component Footprint: Designator=R21 Old Footprint=R 0603 New Footprint=0603P
Change Component Footprint: Designator=R22 Old Footprint=R 0603 New Footprint=0603P
Change Component Footprint: Designator=R23 Old Footprint=R 0603 New Footprint=0603P
Change Component Footprint: Designator=R24 Old Footprint=R 0603 New Footprint=0603P
Change Component Footprint: Designator=R25 Old Footprint=R 0603 New Footprint=0603P
Change Component Footprint: Designator=R26 Old Footprint=R 0603 New Footprint=0603P
Change Component Footprint: Designator=R27 Old Footprint=R 0603 New Footprint=0603P
Change Component Footprint: Designator=R28 Old Footprint=R 0603 New Footprint=0603P
Change Component Footprint: Designator=R29 Old Footprint=R 0603 New Footprint=0603P
Change Component Footprint: Designator=R33 Old Footprint=R 0603 New Footprint=0603P
Change Component Footprint: Designator=R34 Old Footprint=R 0603 New Footprint=0603P
Change Component Footprint: Designator=R35 Old Footprint=R 0603 New Footprint=0603P
Change component parameters: Designator = "L3" ("L3"); Footprint = "0603P"; UniqueID = "\AYLYCHAD" ("\AYLYCHAD")
Change component parameters (AddParameter): Name = "BOM名称"; Value = "小功率贴片电感"; VariantName = "[No Variations]"
Change component parameters (AddParameter): Name = "学习资源"; Value = "www.ooocke.com"; VariantName = "[No Variations]"
Change component parameters (AddParameter): Name = "版权归属"; Value = "源创客"; VariantName = "[No Variations]"
Change component parameters: Designator = "L4" ("L4"); Footprint = "0603P"; UniqueID = "\KYTILPXZ" ("\KYTILPXZ")
Change component parameters (AddParameter): Name = "BOM名称"; Value = "小功率贴片电感"; VariantName = "[No Variations]"
Change component parameters (AddParameter): Name = "学习资源"; Value = "www.ooocke.com"; VariantName = "[No Variations]"
Change component parameters (AddParameter): Name = "版权归属"; Value = "源创客"; VariantName = "[No Variations]"
Change component parameters: Designator = "L5" ("L5"); Footprint = "0603P"; UniqueID = "\XZNUIAEV" ("\XZNUIAEV")
Change component parameters (AddParameter): Name = "BOM名称"; Value = "小功率贴片电感"; VariantName = "[No Variations]"
Change component parameters (AddParameter): Name = "学习资源"; Value = "www.ooocke.com"; VariantName = "[No Variations]"
Change component parameters (AddParameter): Name = "版权归属"; Value = "源创客"; VariantName = "[No Variations]"
Change component parameters: Designator = "L6" ("L6"); Footprint = "0603P"; UniqueID = "\EYQRQEYO" ("\EYQRQEYO")
Change component parameters (AddParameter): Name = "BOM名称"; Value = "小功率贴片电感"; VariantName = "[No Variations]"
Change component parameters (AddParameter): Name = "学习资源"; Value = "www.ooocke.com"; VariantName = "[No Variations]"
Change component parameters (AddParameter): Name = "版权归属"; Value = "源创客"; VariantName = "[No Variations]"
Change component parameters: Designator = "L7" ("L7"); Footprint = "0603P"; UniqueID = "\OICNJZFZ" ("\OICNJZFZ")
Change component parameters (AddParameter): Name = "BOM名称"; Value = "小功率贴片电感"; VariantName = "[No Variations]"
Change component parameters (AddParameter): Name = "学习资源"; Value = "www.ooocke.com"; VariantName = "[No Variations]"
Change component parameters (AddParameter): Name = "版权归属"; Value = "源创客"; VariantName = "[No Variations]"
Added Pin To Net: NetName=NetC20_2 Pin=L3-1
Added Pin To Net: NetName=DCDC_2V8 Pin=L3-2
Added Pin To Net: NetName=NetC33_1 Pin=L7-1
Added Pin To Net: NetName=DCDC_3V3 Pin=L7-2
Added Member To Class: ClassName=CLP_v1.2_Sch Member=Component F1 2A
Added Room: Name=CLP_v1.2_Sch1
Added Room: Name=CLP_v1.2_Sch
