Added Component: Designator=C1(C 0603)
Added Component: Designator=C2(C 0603)
Added Component: Designator=C3(C 0603)
Added Component: Designator=C4(C 0603)
Added Component: Designator=C5(C 0603)
Added Component: Designator=C6(C 0603)
Added Component: Designator=C7(CM D(6.3*5.4))
Add component (AddParameter): Name = "BOM名称"; Value = "贴片电解电容"; VariantName = "[No Variations]"
Add component (AddParameter): Name = "学习资源"; Value = "www.ooocke.com"; VariantName = "[No Variations]"
Add component (AddParameter): Name = "版权归属"; Value = "源创客"; VariantName = "[No Variations]"
Added Component: Designator=C8(C 0603)
Added Component: Designator=C9(C 0603)
Added Component: Designator=C10(C 0603)
Added Component: Designator=C11(C 0603)
Added Component: Designator=C12(C 0603)
Added Component: Designator=C13(C 0603)
Added Component: Designator=C14(CM D(6.3*5.4))
Add component (AddParameter): Name = "BOM名称"; Value = "贴片电解电容"; VariantName = "[No Variations]"
Add component (AddParameter): Name = "学习资源"; Value = "www.ooocke.com"; VariantName = "[No Variations]"
Add component (AddParameter): Name = "版权归属"; Value = "源创客"; VariantName = "[No Variations]"
Added Component: Designator=C15(C 0603)
Added Component: Designator=C16(C 0603)
Added Component: Designator=C17(C 0603)
Added Component: Designator=C18(C 0603)
Added Component: Designator=C19(C 0603)
Added Component: Designator=C20(0603P)
Added Component: Designator=C21(0603P)
Added Component: Designator=C22(0603P)
Added Component: Designator=C23(0603P)
Added Component: Designator=C24(0603P)
Added Component: Designator=C25(0603P)
Added Component: Designator=C26(0603P)
Added Component: Designator=C27(0603P)
Added Component: Designator=C28(0603P)
Added Component: Designator=C29(0603P)
Added Component: Designator=C30(0603P)
Added Component: Designator=C31(0603P)
Added Component: Designator=C32(0603P)
Added Component: Designator=C33(0603P)
Added Component: Designator=C34(0603P)
Added Component: Designator=C35(C 0603)
Added Component: Designator=D1(SOD-123F)
Add component (AddParameter): Name = "BOM名称"; Value = "肖特基二极管"; VariantName = "[No Variations]"
Add component (AddParameter): Name = "学习资源"; Value = "www.ooocke.com"; VariantName = "[No Variations]"
Add component (AddParameter): Name = "属性"; Value = "40V/1A"; VariantName = "[No Variations]"
Add component (AddParameter): Name = "版权归属"; Value = "源创客"; VariantName = "[No Variations]"
Added Component: Designator=D2(SOD-123F)
Add component (AddParameter): Name = "BOM名称"; Value = "肖特基二极管"; VariantName = "[No Variations]"
Add component (AddParameter): Name = "学习资源"; Value = "www.ooocke.com"; VariantName = "[No Variations]"
Add component (AddParameter): Name = "属性"; Value = "40V/1A"; VariantName = "[No Variations]"
Add component (AddParameter): Name = "版权归属"; Value = "源创客"; VariantName = "[No Variations]"
Added Component: Designator=D3(SMBJ)
Added Component: Designator=D4(SMBJ)
Added Component: Designator=DC_IN1(DC10B)
Add component (AddParameter): Name = "BOM名称"; Value = "DC电源接口"; VariantName = "[No Variations]"
Add component (AddParameter): Name = "学习资源"; Value = "www.ooocke.com"; VariantName = "[No Variations]"
Add component (AddParameter): Name = "版权归属"; Value = "源创客"; VariantName = "[No Variations]"
Added Component: Designator=F1(FU 1206)
Add component (AddParameter): Name = "BOM名称"; Value = "贴片保险丝"; VariantName = "[No Variations]"
Add component (AddParameter): Name = "学习资源"; Value = "www.ooocke.com"; VariantName = "[No Variations]"
Add component (AddParameter): Name = "版权归属"; Value = "源创客"; VariantName = "[No Variations]"
Added Component: Designator=I.MX6UL_CORE(I.MX6UL_CORE)
Added Component: Designator=JP1(HDR-1X8_M)
Add component (AddParameter): Name = "BOM名称"; Value = "8P接插件"; VariantName = "[No Variations]"
Add component (AddParameter): Name = "学习资源"; Value = "https://lmdzstyle.taobao.com/"; VariantName = "[No Variations]"
Add component (AddParameter): Name = "版权归属"; Value = "黎明电子style"; VariantName = "[No Variations]"
Added Component: Designator=K1(PKEY)
Added Component: Designator=L1(L-SMD-0420)
Add component (AddParameter): Name = "BOM名称"; Value = "功率屏蔽电感"; VariantName = "[No Variations]"
Add component (AddParameter): Name = "学习资源"; Value = "www.ooocke.com"; VariantName = "[No Variations]"
Add component (AddParameter): Name = "版权归属"; Value = "源创客"; VariantName = "[No Variations]"
Added Component: Designator=L2(L-SMD-0420)
Add component (AddParameter): Name = "BOM名称"; Value = "功率屏蔽电感"; VariantName = "[No Variations]"
Add component (AddParameter): Name = "学习资源"; Value = "www.ooocke.com"; VariantName = "[No Variations]"
Add component (AddParameter): Name = "版权归属"; Value = "源创客"; VariantName = "[No Variations]"
Added Component: Designator=L3(0603P)
Added Component: Designator=L4(0603P)
Added Component: Designator=L5(0603P)
Added Component: Designator=L6(0603P)
Added Component: Designator=L7(0603P)
Added Component: Designator=LED1(LED 0805R)
Add component (AddParameter): Name = "BOM名称"; Value = "贴片LED"; VariantName = "[No Variations]"
Add component (AddParameter): Name = "学习资源"; Value = "www.ooocke.com"; VariantName = "[No Variations]"
Add component (AddParameter): Name = "版权归属"; Value = "源创客"; VariantName = "[No Variations]"
Added Component: Designator=LED2(SMDLED-3528)
Added Component: Designator=LED3(SMDLED-3528)
Added Component: Designator=M1(OV5640)
Added Component: Designator=MOS1(SO-G3/C2.5)
Added Component: Designator=PWR(LED 0805R)
Add component (AddParameter): Name = "BOM名称"; Value = "贴片LED"; VariantName = "[No Variations]"
Add component (AddParameter): Name = "学习资源"; Value = "www.ooocke.com"; VariantName = "[No Variations]"
Add component (AddParameter): Name = "版权归属"; Value = "源创客"; VariantName = "[No Variations]"
Added Component: Designator=R1(R 0603)
Added Component: Designator=R2(R 0603)
Added Component: Designator=R3(R 0603)
Added Component: Designator=R4(R 0603)
Added Component: Designator=R5(R 0603)
Added Component: Designator=R6(R 0603)
Added Component: Designator=R7(R 0603)
Added Component: Designator=R8(R 0603)
Added Component: Designator=R9(R 0603)
Added Component: Designator=R11(R 0402)
Added Component: Designator=R12(R 0402)
Added Component: Designator=R13(R 0402)
Added Component: Designator=R14(R 0402)
Added Component: Designator=R15(R 0603)
Added Component: Designator=R16(R 0603)
Added Component: Designator=R17(R 0603)
Added Component: Designator=R18(R 0603)
Added Component: Designator=R19(R 0603)
Added Component: Designator=R20(R 0603)
Added Component: Designator=R21(R 0603)
Added Component: Designator=R22(R 0603)
Added Component: Designator=R23(R 0603)
Added Component: Designator=R24(R 0603)
Added Component: Designator=R25(R 0603)
Added Component: Designator=R26(R 0603)
Added Component: Designator=R27(R 0603)
Added Component: Designator=R28(R 0603)
Added Component: Designator=R29(R 0603)
Added Component: Designator=R30(0603P)
Added Component: Designator=R31(0603P)
Added Component: Designator=R32(0603P)
Added Component: Designator=R33(R 0603)
Added Component: Designator=R34(R 0603)
Added Component: Designator=SW1(SMD_KEY)
Added Component: Designator=SW2(SW)
Added Component: Designator=SW3(SW)
Added Component: Designator=TF_CARD1(Micro SD)
Add component (AddParameter): Name = "BOM名称"; Value = "Micro SD卡"; VariantName = "[No Variations]"
Add component (AddParameter): Name = "学习资源"; Value = "www.ooocke.com"; VariantName = "[No Variations]"
Add component (AddParameter): Name = "版权归属"; Value = "源创客"; VariantName = "[No Variations]"
Added Component: Designator=U1(SOT23-6N)
Added Component: Designator=U2(SOT23-6N)
Added Component: Designator=U3(SOP16_N)
Added Component: Designator=U4(SOT23-3N)
Add component (AddParameter): Name = "ComponentLink1Description"; Value = "供应商链接"; VariantName = "[No Variations]"
Add component (AddParameter): Name = "ComponentLink1URL"; Value = "http://www.szlcsc.com/product/details_5896.html"; VariantName = "[No Variations]"
Add component (AddParameter): Name = "Package"; Value = "SOT-23"; VariantName = "[No Variations]"
Add component (AddParameter): Name = "Supplier"; Value = "LC"; VariantName = "[No Variations]"
Add component (AddParameter): Name = "SuppliersPartNumber"; Value = "C5446"; VariantName = "[No Variations]"
Added Component: Designator=U5(SOT363-6L)
Added Component: Designator=U6(SOT363-6L)
Added Component: Designator=U7(SOT-23)
Added Component: Designator=U8(SOT-23)
Added Component: Designator=U9(SOT-23)
Added Component: Designator=USB1(USB_HOST)
Added Component: Designator=USB_TTL(USB-MINI-A)
Add component (AddParameter): Name = "BOM名称"; Value = "微型USB母座"; VariantName = "[No Variations]"
Add component (AddParameter): Name = "学习资源"; Value = "www.ooocke.com"; VariantName = "[No Variations]"
Add component (AddParameter): Name = "版权归属"; Value = "源创客"; VariantName = "[No Variations]"
Added Component: Designator=VD1(SOD-123F)
Add component (AddParameter): Name = "BOM名称"; Value = "肖特基二极管"; VariantName = "[No Variations]"
Add component (AddParameter): Name = "学习资源"; Value = "www.ooocke.com"; VariantName = "[No Variations]"
Add component (AddParameter): Name = "属性"; Value = "40V/1A"; VariantName = "[No Variations]"
Add component (AddParameter): Name = "版权归属"; Value = "源创客"; VariantName = "[No Variations]"
Added Component: Designator=Y1(XTAL3225)
Added Pin To Net: NetName=AF-VCC Pin=C24-2
Added Pin To Net: NetName=AF-VCC Pin=C25-2
Added Pin To Net: NetName=AF-VCC Pin=M1-24
Added Pin To Net: NetName=AF-VCC Pin=U8-2
Added Net: Name=AF-VCC
Added Pin To Net: NetName=AVDD Pin=C29-2
Added Pin To Net: NetName=AVDD Pin=C30-2
Added Pin To Net: NetName=AVDD Pin=L5-2
Added Pin To Net: NetName=AVDD Pin=M1-4
Added Net: Name=AVDD
Added Pin To Net: NetName=BOOT_MODE1 Pin=I.MX6UL_CORE-J2_8
Added Pin To Net: NetName=BOOT_MODE1 Pin=R11-2
Added Net: Name=BOOT_MODE1
Added Pin To Net: NetName=CH340_D+ Pin=U3-5
Added Pin To Net: NetName=CH340_D+ Pin=USB_TTL-3
Added Net: Name=CH340_D+
Added Pin To Net: NetName=CH340_D- Pin=U3-6
Added Pin To Net: NetName=CH340_D- Pin=USB_TTL-2
Added Net: Name=CH340_D-
Added Pin To Net: NetName=DCDC_1V5 Pin=C21-2
Added Pin To Net: NetName=DCDC_1V5 Pin=C22-2
Added Pin To Net: NetName=DCDC_1V5 Pin=C34-1
Added Pin To Net: NetName=DCDC_1V5 Pin=L4-2
Added Pin To Net: NetName=DCDC_1V5 Pin=M1-10
Added Net: Name=DCDC_1V5
Added Pin To Net: NetName=DCDC_2V8 Pin=C27-2
Added Pin To Net: NetName=DCDC_2V8 Pin=C28-2
Added Pin To Net: NetName=DCDC_2V8 Pin=L3-1
Added Pin To Net: NetName=DCDC_2V8 Pin=L5-1
Added Pin To Net: NetName=DCDC_2V8 Pin=L6-1
Added Pin To Net: NetName=DCDC_2V8 Pin=U9-2
Added Net: Name=DCDC_2V8
Added Pin To Net: NetName=DCDC_3V3 Pin=C12-1
Added Pin To Net: NetName=DCDC_3V3 Pin=C13-1
Added Pin To Net: NetName=DCDC_3V3 Pin=C14-1
Added Pin To Net: NetName=DCDC_3V3 Pin=C18-2
Added Pin To Net: NetName=DCDC_3V3 Pin=C19-2
Added Pin To Net: NetName=DCDC_3V3 Pin=C23-2
Added Pin To Net: NetName=DCDC_3V3 Pin=C26-2
Added Pin To Net: NetName=DCDC_3V3 Pin=C35-2
Added Pin To Net: NetName=DCDC_3V3 Pin=D4-2
Added Pin To Net: NetName=DCDC_3V3 Pin=JP1-2
Added Pin To Net: NetName=DCDC_3V3 Pin=JP1-8
Added Pin To Net: NetName=DCDC_3V3 Pin=L2-2
Added Pin To Net: NetName=DCDC_3V3 Pin=L7-1
Added Pin To Net: NetName=DCDC_3V3 Pin=LED2-1
Added Pin To Net: NetName=DCDC_3V3 Pin=LED3-1
Added Pin To Net: NetName=DCDC_3V3 Pin=R9-2
Added Pin To Net: NetName=DCDC_3V3 Pin=R11-1
Added Pin To Net: NetName=DCDC_3V3 Pin=R12-1
Added Pin To Net: NetName=DCDC_3V3 Pin=R13-1
Added Pin To Net: NetName=DCDC_3V3 Pin=R14-1
Added Pin To Net: NetName=DCDC_3V3 Pin=R15-2
Added Pin To Net: NetName=DCDC_3V3 Pin=R16-2
Added Pin To Net: NetName=DCDC_3V3 Pin=R17-2
Added Pin To Net: NetName=DCDC_3V3 Pin=R18-2
Added Pin To Net: NetName=DCDC_3V3 Pin=R19-2
Added Pin To Net: NetName=DCDC_3V3 Pin=R20-2
Added Pin To Net: NetName=DCDC_3V3 Pin=R21-2
Added Pin To Net: NetName=DCDC_3V3 Pin=R22-2
Added Pin To Net: NetName=DCDC_3V3 Pin=R23-2
Added Pin To Net: NetName=DCDC_3V3 Pin=R31-1
Added Pin To Net: NetName=DCDC_3V3 Pin=R32-1
Added Pin To Net: NetName=DCDC_3V3 Pin=R33-1
Added Pin To Net: NetName=DCDC_3V3 Pin=R34-1
Added Pin To Net: NetName=DCDC_3V3 Pin=TF_CARD1-4
Added Pin To Net: NetName=DCDC_3V3 Pin=U5-5
Added Pin To Net: NetName=DCDC_3V3 Pin=U5-6
Added Pin To Net: NetName=DCDC_3V3 Pin=U6-5
Added Pin To Net: NetName=DCDC_3V3 Pin=U6-6
Added Pin To Net: NetName=DCDC_3V3 Pin=U8-3
Added Pin To Net: NetName=DCDC_3V3 Pin=U9-3
Added Net: Name=DCDC_3V3
Added Pin To Net: NetName=DCDC_5V Pin=C1-1
Added Pin To Net: NetName=DCDC_5V Pin=C9-2
Added Pin To Net: NetName=DCDC_5V Pin=C10-2
Added Pin To Net: NetName=DCDC_5V Pin=D1-1
Added Pin To Net: NetName=DCDC_5V Pin=D2-1
Added Pin To Net: NetName=DCDC_5V Pin=D3-2
Added Pin To Net: NetName=DCDC_5V Pin=I.MX6UL_CORE-J2_1
Added Pin To Net: NetName=DCDC_5V Pin=I.MX6UL_CORE-J2_2
Added Pin To Net: NetName=DCDC_5V Pin=K1-1
Added Pin To Net: NetName=DCDC_5V Pin=R5-2
Added Pin To Net: NetName=DCDC_5V Pin=U2-3
Added Pin To Net: NetName=DCDC_5V Pin=USB1-1
Added Pin To Net: NetName=DCDC_5V Pin=USB1-5
Added Net: Name=DCDC_5V
Added Pin To Net: NetName=DOVDD Pin=C31-2
Added Pin To Net: NetName=DOVDD Pin=C32-2
Added Pin To Net: NetName=DOVDD Pin=L6-2
Added Pin To Net: NetName=DOVDD Pin=M1-11
Added Net: Name=DOVDD
Added Pin To Net: NetName=IPS_CS Pin=I.MX6UL_CORE-J2_42
Added Pin To Net: NetName=IPS_CS Pin=JP1-7
Added Net: Name=IPS_CS
Added Pin To Net: NetName=IPS_DC Pin=I.MX6UL_CORE-J2_37
Added Pin To Net: NetName=IPS_DC Pin=JP1-6
Added Net: Name=IPS_DC
Added Pin To Net: NetName=IPS_RESET Pin=I.MX6UL_CORE-J2_38
Added Pin To Net: NetName=IPS_RESET Pin=JP1-5
Added Net: Name=IPS_RESET
Added Pin To Net: NetName=IPS_SCL Pin=I.MX6UL_CORE-J2_41
Added Pin To Net: NetName=IPS_SCL Pin=JP1-3
Added Net: Name=IPS_SCL
Added Pin To Net: NetName=IPS_SDA Pin=I.MX6UL_CORE-J2_39
Added Pin To Net: NetName=IPS_SDA Pin=JP1-4
Added Net: Name=IPS_SDA
Added Pin To Net: NetName=LCD_DATA5 Pin=I.MX6UL_CORE-J1_12
Added Pin To Net: NetName=LCD_DATA5 Pin=SW1-3
Added Net: Name=LCD_DATA5
Added Pin To Net: NetName=LCD_DATA6 Pin=I.MX6UL_CORE-J1_13
Added Pin To Net: NetName=LCD_DATA6 Pin=R14-2
Added Net: Name=LCD_DATA6
Added Pin To Net: NetName=LCD_DATA11 Pin=I.MX6UL_CORE-J1_18
Added Pin To Net: NetName=LCD_DATA11 Pin=SW1-4
Added Net: Name=LCD_DATA11
Added Pin To Net: NetName=LED0 Pin=I.MX6UL_CORE-J2_47
Added Pin To Net: NetName=LED0 Pin=LED1-2
Added Net: Name=LED0
Added Pin To Net: NetName=NetC2_1 Pin=C2-1
Added Pin To Net: NetName=NetC2_1 Pin=C3-1
Added Pin To Net: NetName=NetC2_1 Pin=R1-1
Added Pin To Net: NetName=NetC2_1 Pin=U1-3
Added Pin To Net: NetName=NetC2_1 Pin=VD1-2
Added Net: Name=NetC2_1
Added Pin To Net: NetName=NetC4_1 Pin=C4-1
Added Pin To Net: NetName=NetC4_1 Pin=U1-6
Added Net: Name=NetC4_1
Added Pin To Net: NetName=NetC4_2 Pin=C4-2
Added Pin To Net: NetName=NetC4_2 Pin=L1-1
Added Pin To Net: NetName=NetC4_2 Pin=U1-2
Added Net: Name=NetC4_2
Added Pin To Net: NetName=NetC5_1 Pin=C5-1
Added Pin To Net: NetName=NetC5_1 Pin=R2-2
Added Net: Name=NetC5_1
Added Pin To Net: NetName=NetC5_2 Pin=C5-2
Added Pin To Net: NetName=NetC5_2 Pin=C6-2
Added Pin To Net: NetName=NetC5_2 Pin=C7-1
Added Pin To Net: NetName=NetC5_2 Pin=F1-1
Added Pin To Net: NetName=NetC5_2 Pin=K1-2
Added Pin To Net: NetName=NetC5_2 Pin=L1-2
Added Pin To Net: NetName=NetC5_2 Pin=R3-2
Added Net: Name=NetC5_2
Added Pin To Net: NetName=NetC8_2 Pin=C8-2
Added Pin To Net: NetName=NetC8_2 Pin=R6-1
Added Pin To Net: NetName=NetC8_2 Pin=U2-5
Added Net: Name=NetC8_2
Added Pin To Net: NetName=NetC11_1 Pin=C11-1
Added Pin To Net: NetName=NetC11_1 Pin=L2-1
Added Pin To Net: NetName=NetC11_1 Pin=U2-2
Added Net: Name=NetC11_1
Added Pin To Net: NetName=NetC11_2 Pin=C11-2
Added Pin To Net: NetName=NetC11_2 Pin=U2-6
Added Net: Name=NetC11_2
Added Pin To Net: NetName=NetC13_2 Pin=C13-2
Added Pin To Net: NetName=NetC13_2 Pin=R7-1
Added Net: Name=NetC13_2
Added Pin To Net: NetName=NetC20_2 Pin=C20-2
Added Pin To Net: NetName=NetC20_2 Pin=L3-2
Added Pin To Net: NetName=NetC20_2 Pin=U7-3
Added Net: Name=NetC20_2
Added Pin To Net: NetName=NetC33_1 Pin=C33-1
Added Pin To Net: NetName=NetC33_1 Pin=L7-2
Added Pin To Net: NetName=NetC33_1 Pin=Y1-4
Added Net: Name=NetC33_1
Added Pin To Net: NetName=NetDC_IN1_1 Pin=DC_IN1-1
Added Pin To Net: NetName=NetDC_IN1_1 Pin=VD1-1
Added Net: Name=NetDC_IN1_1
Added Pin To Net: NetName=NetI.MX6UL_CORE_J1_49 Pin=I.MX6UL_CORE-J1_49
Added Pin To Net: NetName=NetI.MX6UL_CORE_J1_49 Pin=R24-1
Added Net: Name=NetI.MX6UL_CORE_J1_49
Added Pin To Net: NetName=NetI.MX6UL_CORE_J1_50 Pin=I.MX6UL_CORE-J1_50
Added Pin To Net: NetName=NetI.MX6UL_CORE_J1_50 Pin=R25-1
Added Net: Name=NetI.MX6UL_CORE_J1_50
Added Pin To Net: NetName=NetI.MX6UL_CORE_J1_51 Pin=I.MX6UL_CORE-J1_51
Added Pin To Net: NetName=NetI.MX6UL_CORE_J1_51 Pin=R26-1
Added Net: Name=NetI.MX6UL_CORE_J1_51
Added Pin To Net: NetName=NetI.MX6UL_CORE_J1_52 Pin=I.MX6UL_CORE-J1_52
Added Pin To Net: NetName=NetI.MX6UL_CORE_J1_52 Pin=R27-1
Added Net: Name=NetI.MX6UL_CORE_J1_52
Added Pin To Net: NetName=NetI.MX6UL_CORE_J1_53 Pin=I.MX6UL_CORE-J1_53
Added Pin To Net: NetName=NetI.MX6UL_CORE_J1_53 Pin=R28-1
Added Net: Name=NetI.MX6UL_CORE_J1_53
Added Pin To Net: NetName=NetI.MX6UL_CORE_J1_54 Pin=I.MX6UL_CORE-J1_54
Added Pin To Net: NetName=NetI.MX6UL_CORE_J1_54 Pin=R29-1
Added Net: Name=NetI.MX6UL_CORE_J1_54
Added Pin To Net: NetName=NetL4_1 Pin=L4-1
Added Pin To Net: NetName=NetL4_1 Pin=U7-2
Added Net: Name=NetL4_1
Added Pin To Net: NetName=NetLED1_1 Pin=LED1-1
Added Pin To Net: NetName=NetLED1_1 Pin=R15-1
Added Net: Name=NetLED1_1
Added Pin To Net: NetName=NetLED2_2 Pin=LED2-2
Added Pin To Net: NetName=NetLED2_2 Pin=LED3-2
Added Pin To Net: NetName=NetLED2_2 Pin=MOS1-3
Added Net: Name=NetLED2_2
Added Pin To Net: NetName=NetPWR_1 Pin=PWR-1
Added Pin To Net: NetName=NetPWR_1 Pin=R5-1
Added Net: Name=NetPWR_1
Added Pin To Net: NetName=NetR1_2 Pin=R1-2
Added Pin To Net: NetName=NetR1_2 Pin=U1-5
Added Net: Name=NetR1_2
Added Pin To Net: NetName=NetR2_1 Pin=R2-1
Added Pin To Net: NetName=NetR2_1 Pin=R3-1
Added Pin To Net: NetName=NetR2_1 Pin=R4-2
Added Pin To Net: NetName=NetR2_1 Pin=U1-4
Added Net: Name=NetR2_1
Added Pin To Net: NetName=NetR7_2 Pin=R7-2
Added Pin To Net: NetName=NetR7_2 Pin=R8-1
Added Pin To Net: NetName=NetR7_2 Pin=R9-1
Added Pin To Net: NetName=NetR7_2 Pin=U2-4
Added Net: Name=NetR7_2
Added Pin To Net: NetName=NetR12_2 Pin=R12-2
Added Pin To Net: NetName=NetR12_2 Pin=SW1-1
Added Net: Name=NetR12_2
Added Pin To Net: NetName=NetR13_2 Pin=R13-2
Added Pin To Net: NetName=NetR13_2 Pin=SW1-2
Added Net: Name=NetR13_2
Added Pin To Net: NetName=ON_OFF Pin=I.MX6UL_CORE-J2_4
Added Pin To Net: NetName=ON_OFF Pin=R17-1
Added Pin To Net: NetName=ON_OFF Pin=SW3-1
Added Net: Name=ON_OFF
Added Pin To Net: NetName=OV_D0 Pin=I.MX6UL_CORE-J1_56
Added Pin To Net: NetName=OV_D0 Pin=M1-19
Added Net: Name=OV_D0
Added Pin To Net: NetName=OV_D1 Pin=I.MX6UL_CORE-J1_57
Added Pin To Net: NetName=OV_D1 Pin=M1-21
Added Net: Name=OV_D1
Added Pin To Net: NetName=OV_D2 Pin=I.MX6UL_CORE-J1_3
Added Pin To Net: NetName=OV_D2 Pin=M1-22
Added Net: Name=OV_D2
Added Pin To Net: NetName=OV_D3 Pin=I.MX6UL_CORE-J1_59
Added Pin To Net: NetName=OV_D3 Pin=M1-20
Added Net: Name=OV_D3
Added Pin To Net: NetName=OV_D4 Pin=I.MX6UL_CORE-J1_55
Added Pin To Net: NetName=OV_D4 Pin=M1-18
Added Net: Name=OV_D4
Added Pin To Net: NetName=OV_D5 Pin=I.MX6UL_CORE-J1_6
Added Pin To Net: NetName=OV_D5 Pin=M1-16
Added Net: Name=OV_D5
Added Pin To Net: NetName=OV_D6 Pin=I.MX6UL_CORE-J1_4
Added Pin To Net: NetName=OV_D6 Pin=M1-14
Added Net: Name=OV_D6
Added Pin To Net: NetName=OV_D7 Pin=I.MX6UL_CORE-J1_58
Added Pin To Net: NetName=OV_D7 Pin=M1-12
Added Net: Name=OV_D7
Added Pin To Net: NetName=OV_HREF Pin=I.MX6UL_CORE-J1_1
Added Pin To Net: NetName=OV_HREF Pin=M1-9
Added Net: Name=OV_HREF
Added Pin To Net: NetName=OV_PCLK Pin=I.MX6UL_CORE-J1_5
Added Pin To Net: NetName=OV_PCLK Pin=M1-17
Added Net: Name=OV_PCLK
Added Pin To Net: NetName=OV_PWDN Pin=I.MX6UL_CORE-J2_14
Added Pin To Net: NetName=OV_PWDN Pin=M1-8
Added Pin To Net: NetName=OV_PWDN Pin=R31-2
Added Net: Name=OV_PWDN
Added Pin To Net: NetName=OV_RESET Pin=I.MX6UL_CORE-J2_13
Added Pin To Net: NetName=OV_RESET Pin=M1-6
Added Pin To Net: NetName=OV_RESET Pin=R32-2
Added Net: Name=OV_RESET
Added Pin To Net: NetName=OV_SCL Pin=I.MX6UL_CORE-J1_31
Added Pin To Net: NetName=OV_SCL Pin=M1-5
Added Pin To Net: NetName=OV_SCL Pin=R33-2
Added Net: Name=OV_SCL
Added Pin To Net: NetName=OV_SDA Pin=I.MX6UL_CORE-J1_32
Added Pin To Net: NetName=OV_SDA Pin=M1-3
Added Pin To Net: NetName=OV_SDA Pin=R34-2
Added Net: Name=OV_SDA
Added Pin To Net: NetName=OV_STROBE Pin=M1-1
Added Pin To Net: NetName=OV_STROBE Pin=MOS1-1
Added Pin To Net: NetName=OV_STROBE Pin=R30-2
Added Net: Name=OV_STROBE
Added Pin To Net: NetName=OV_VSYNC Pin=I.MX6UL_CORE-J1_60
Added Pin To Net: NetName=OV_VSYNC Pin=M1-7
Added Net: Name=OV_VSYNC
Added Pin To Net: NetName=OV_XCLK Pin=M1-13
Added Pin To Net: NetName=OV_XCLK Pin=Y1-3
Added Net: Name=OV_XCLK
Added Pin To Net: NetName=PMIC_ON_REQ Pin=I.MX6UL_CORE-J1_41
Added Pin To Net: NetName=PMIC_ON_REQ Pin=R6-2
Added Net: Name=PMIC_ON_REQ
Added Pin To Net: NetName=RESET Pin=I.MX6UL_CORE-J1_40
Added Pin To Net: NetName=RESET Pin=R16-1
Added Pin To Net: NetName=RESET Pin=SW2-1
Added Net: Name=RESET
Added Pin To Net: NetName=RXD Pin=U3-3
Added Pin To Net: NetName=RXD Pin=U5-4
Added Net: Name=RXD
Added Pin To Net: NetName=TXD Pin=U3-2
Added Pin To Net: NetName=TXD Pin=U6-4
Added Net: Name=TXD
Added Pin To Net: NetName=UART1_RXD Pin=I.MX6UL_CORE-J2_46
Added Pin To Net: NetName=UART1_RXD Pin=U6-1
Added Net: Name=UART1_RXD
Added Pin To Net: NetName=UART1_TXD Pin=I.MX6UL_CORE-J2_50
Added Pin To Net: NetName=UART1_TXD Pin=U5-1
Added Net: Name=UART1_TXD
Added Pin To Net: NetName=UART_3V3 Pin=C15-2
Added Pin To Net: NetName=UART_3V3 Pin=C16-2
Added Pin To Net: NetName=UART_3V3 Pin=U3-16
Added Pin To Net: NetName=UART_3V3 Pin=U4-2
Added Net: Name=UART_3V3
Added Pin To Net: NetName=USB_OTG1_DN Pin=I.MX6UL_CORE-J2_53
Added Pin To Net: NetName=USB_OTG1_DN Pin=USB1-2
Added Net: Name=USB_OTG1_DN
Added Pin To Net: NetName=USB_OTG1_DP Pin=I.MX6UL_CORE-J2_54
Added Pin To Net: NetName=USB_OTG1_DP Pin=USB1-3
Added Net: Name=USB_OTG1_DP
Added Pin To Net: NetName=USB_OTG1_ID Pin=C1-2
Added Pin To Net: NetName=USB_OTG1_ID Pin=C2-2
Added Pin To Net: NetName=USB_OTG1_ID Pin=C3-2
Added Pin To Net: NetName=USB_OTG1_ID Pin=C6-1
Added Pin To Net: NetName=USB_OTG1_ID Pin=C7-2
Added Pin To Net: NetName=USB_OTG1_ID Pin=C8-1
Added Pin To Net: NetName=USB_OTG1_ID Pin=C9-1
Added Pin To Net: NetName=USB_OTG1_ID Pin=C10-1
Added Pin To Net: NetName=USB_OTG1_ID Pin=C12-2
Added Pin To Net: NetName=USB_OTG1_ID Pin=C14-2
Added Pin To Net: NetName=USB_OTG1_ID Pin=C15-1
Added Pin To Net: NetName=USB_OTG1_ID Pin=C16-1
Added Pin To Net: NetName=USB_OTG1_ID Pin=C17-1
Added Pin To Net: NetName=USB_OTG1_ID Pin=C18-1
Added Pin To Net: NetName=USB_OTG1_ID Pin=C19-1
Added Pin To Net: NetName=USB_OTG1_ID Pin=C20-1
Added Pin To Net: NetName=USB_OTG1_ID Pin=C21-1
Added Pin To Net: NetName=USB_OTG1_ID Pin=C22-1
Added Pin To Net: NetName=USB_OTG1_ID Pin=C23-1
Added Pin To Net: NetName=USB_OTG1_ID Pin=C24-1
Added Pin To Net: NetName=USB_OTG1_ID Pin=C25-1
Added Pin To Net: NetName=USB_OTG1_ID Pin=C26-1
Added Pin To Net: NetName=USB_OTG1_ID Pin=C27-1
Added Pin To Net: NetName=USB_OTG1_ID Pin=C28-1
Added Pin To Net: NetName=USB_OTG1_ID Pin=C29-1
Added Pin To Net: NetName=USB_OTG1_ID Pin=C30-1
Added Pin To Net: NetName=USB_OTG1_ID Pin=C31-1
Added Pin To Net: NetName=USB_OTG1_ID Pin=C32-1
Added Pin To Net: NetName=USB_OTG1_ID Pin=C33-2
Added Pin To Net: NetName=USB_OTG1_ID Pin=C34-2
Added Pin To Net: NetName=USB_OTG1_ID Pin=C35-1
Added Pin To Net: NetName=USB_OTG1_ID Pin=D3-1
Added Pin To Net: NetName=USB_OTG1_ID Pin=D4-1
Added Pin To Net: NetName=USB_OTG1_ID Pin=DC_IN1-2
Added Pin To Net: NetName=USB_OTG1_ID Pin=DC_IN1-3
Added Pin To Net: NetName=USB_OTG1_ID Pin=I.MX6UL_CORE-J2_51
Added Pin To Net: NetName=USB_OTG1_ID Pin=I.MX6UL_CORE-J2_59
Added Pin To Net: NetName=USB_OTG1_ID Pin=I.MX6UL_CORE-J2_60
Added Pin To Net: NetName=USB_OTG1_ID Pin=JP1-1
Added Pin To Net: NetName=USB_OTG1_ID Pin=M1-2
Added Pin To Net: NetName=USB_OTG1_ID Pin=M1-15
Added Pin To Net: NetName=USB_OTG1_ID Pin=M1-23
Added Pin To Net: NetName=USB_OTG1_ID Pin=M1-25
Added Pin To Net: NetName=USB_OTG1_ID Pin=M1-26
Added Pin To Net: NetName=USB_OTG1_ID Pin=MOS1-2
Added Pin To Net: NetName=USB_OTG1_ID Pin=PWR-2
Added Pin To Net: NetName=USB_OTG1_ID Pin=R4-1
Added Pin To Net: NetName=USB_OTG1_ID Pin=R8-2
Added Pin To Net: NetName=USB_OTG1_ID Pin=R30-1
Added Pin To Net: NetName=USB_OTG1_ID Pin=SW2-3
Added Pin To Net: NetName=USB_OTG1_ID Pin=SW3-3
Added Pin To Net: NetName=USB_OTG1_ID Pin=TF_CARD1-6
Added Pin To Net: NetName=USB_OTG1_ID Pin=U1-1
Added Pin To Net: NetName=USB_OTG1_ID Pin=U2-1
Added Pin To Net: NetName=USB_OTG1_ID Pin=U3-1
Added Pin To Net: NetName=USB_OTG1_ID Pin=U4-1
Added Pin To Net: NetName=USB_OTG1_ID Pin=U5-2
Added Pin To Net: NetName=USB_OTG1_ID Pin=U6-2
Added Pin To Net: NetName=USB_OTG1_ID Pin=U7-1
Added Pin To Net: NetName=USB_OTG1_ID Pin=U8-1
Added Pin To Net: NetName=USB_OTG1_ID Pin=U9-1
Added Pin To Net: NetName=USB_OTG1_ID Pin=USB1-4
Added Pin To Net: NetName=USB_OTG1_ID Pin=USB1-8
Added Pin To Net: NetName=USB_OTG1_ID Pin=USB1-9
Added Pin To Net: NetName=USB_OTG1_ID Pin=USB1-10
Added Pin To Net: NetName=USB_OTG1_ID Pin=USB1-11
Added Pin To Net: NetName=USB_OTG1_ID Pin=USB1-12
Added Pin To Net: NetName=USB_OTG1_ID Pin=USB_TTL-5
Added Pin To Net: NetName=USB_OTG1_ID Pin=USB_TTL-5
Added Pin To Net: NetName=USB_OTG1_ID Pin=USB_TTL-5
Added Pin To Net: NetName=USB_OTG1_ID Pin=USB_TTL-5
Added Pin To Net: NetName=USB_OTG1_ID Pin=USB_TTL-5
Added Pin To Net: NetName=USB_OTG1_ID Pin=Y1-2
Added Net: Name=USB_OTG1_ID
Added Pin To Net: NetName=USB_OTG1_VBUS Pin=D1-2
Added Pin To Net: NetName=USB_OTG1_VBUS Pin=I.MX6UL_CORE-J2_57
Added Net: Name=USB_OTG1_VBUS
Added Pin To Net: NetName=USB_OTG2_DN Pin=I.MX6UL_CORE-J2_55
Added Pin To Net: NetName=USB_OTG2_DN Pin=USB1-6
Added Net: Name=USB_OTG2_DN
Added Pin To Net: NetName=USB_OTG2_DP Pin=I.MX6UL_CORE-J2_56
Added Pin To Net: NetName=USB_OTG2_DP Pin=USB1-7
Added Net: Name=USB_OTG2_DP
Added Pin To Net: NetName=USB_OTG2_VBUS Pin=D2-2
Added Pin To Net: NetName=USB_OTG2_VBUS Pin=I.MX6UL_CORE-J2_58
Added Net: Name=USB_OTG2_VBUS
Added Pin To Net: NetName=USDHC1_CD_B Pin=I.MX6UL_CORE-J2_43
Added Pin To Net: NetName=USDHC1_CD_B Pin=R23-1
Added Pin To Net: NetName=USDHC1_CD_B Pin=TF_CARD1-9
Added Net: Name=USDHC1_CD_B
Added Pin To Net: NetName=USDHC1_CLK Pin=R29-2
Added Pin To Net: NetName=USDHC1_CLK Pin=TF_CARD1-5
Added Net: Name=USDHC1_CLK
Added Pin To Net: NetName=USDHC1_CMD Pin=R20-1
Added Pin To Net: NetName=USDHC1_CMD Pin=R28-2
Added Pin To Net: NetName=USDHC1_CMD Pin=TF_CARD1-3
Added Net: Name=USDHC1_CMD
Added Pin To Net: NetName=USDHC1_DATA0 Pin=R21-1
Added Pin To Net: NetName=USDHC1_DATA0 Pin=R24-2
Added Pin To Net: NetName=USDHC1_DATA0 Pin=TF_CARD1-7
Added Net: Name=USDHC1_DATA0
Added Pin To Net: NetName=USDHC1_DATA1 Pin=R22-1
Added Pin To Net: NetName=USDHC1_DATA1 Pin=R25-2
Added Pin To Net: NetName=USDHC1_DATA1 Pin=TF_CARD1-8
Added Net: Name=USDHC1_DATA1
Added Pin To Net: NetName=USDHC1_DATA2 Pin=R18-1
Added Pin To Net: NetName=USDHC1_DATA2 Pin=R27-2
Added Pin To Net: NetName=USDHC1_DATA2 Pin=TF_CARD1-1
Added Net: Name=USDHC1_DATA2
Added Pin To Net: NetName=USDHC1_DATA3 Pin=R19-1
Added Pin To Net: NetName=USDHC1_DATA3 Pin=R26-2
Added Pin To Net: NetName=USDHC1_DATA3 Pin=TF_CARD1-2
Added Net: Name=USDHC1_DATA3
Added Pin To Net: NetName=VUSB Pin=C17-2
Added Pin To Net: NetName=VUSB Pin=F1-2
Added Pin To Net: NetName=VUSB Pin=U4-3
Added Pin To Net: NetName=VUSB Pin=USB_TTL-1
Added Net: Name=VUSB
Added Class: Name=CLP_v1.2_Sch1
Added Class: Name=CLP_v1.2_Sch
Added Room: Name=CLP_v1.2_Sch1
Added Room: Name=CLP_v1.2_Sch
